<?xml version="1.0" encoding="UTF-8"?>
<!-- Generated by org.testng.reporters.JUnitReportReporter -->
<testsuite hostname="Bangaru" failures="0" tests="1" name="restAssuredScripts.Get" time="4.496" errors="0" timestamp="2022-02-17T16:55:45 IST" skipped="0">
  <testcase classname="restAssuredScripts.Get" name="test_01" time="4.496"/>
  <system-out/>
</testsuite> <!-- restAssuredScripts.Get -->
